  % Total    % Received % Xferd  Average Speed   Time    Time     Time  Current
                                 Dload  Upload   Total   Spent    Left  Speed
  0     0    0     0    0     0      0      0 --:--:-- --:--:-- --:--:--     0*   Trying 52.15.185.153:80...
* Connected to ec2-52-15-185-153.us-east-2.compute.amazonaws.com (52.15.185.153) port 80 (#0)
> GET /accounts/login/ HTTP/1.1
> Host: ec2-52-15-185-153.us-east-2.compute.amazonaws.com
> User-Agent: curl/7.81.0
> Accept: */*
> 
* Mark bundle as not supporting multiuse
< HTTP/1.1 200 OK
< Server: nginx/1.18.0 (Ubuntu)
< Date: Sun, 25 Sep 2022 23:00:32 GMT
< Content-Type: text/html; charset=utf-8
< Content-Length: 873
< Connection: keep-alive
< 
{ [873 bytes data]
100   873  100   873    0     0   5584      0 --:--:-- --:--:-- --:--:--  5705
* Connection #0 to host ec2-52-15-185-153.us-east-2.compute.amazonaws.com left intact
